<?xml version="1.0" encoding="UTF-8"?>
<testng-results ignored="0" total="1" passed="1" failed="0" skipped="0">
  <reporter-output>
  </reporter-output>
  <suite started-at="2023-01-26T12:49:04Z" name="Suite" finished-at="2023-01-26T12:49:15Z" duration-ms="10392">
    <groups>
    </groups>
    <test started-at="2023-01-26T12:49:04Z" name="Test" finished-at="2023-01-26T12:49:15Z" duration-ms="10392">
      <class name="base.initial">
        <test-method signature="main()[pri:0, instance:base.initial@432038ec]" started-at="2023-01-26T12:49:04Z" name="main" finished-at="2023-01-26T12:49:15Z" duration-ms="10339" status="PASS">
          <reporter-output>
          </reporter-output>
        </test-method> <!-- main -->
      </class> <!-- base.initial -->
    </test> <!-- Test -->
  </suite> <!-- Suite -->
</testng-results>
